2022-06-15 12:34:42,102 INFO [main] c.t.m.s.Application [StartupInfoLogger.java:55] Starting Application v0.0.1-SNAPSHOT using Java 11.0.12 on MDM-YR71CVF2R1 with PID 38792 (/Users/Gaurav.Joshi/eclipse-workspace/Task-Manager/target/Task-Manager-0.0.1-SNAPSHOT.jar started by Gaurav.Joshi in /Users/Gaurav.Joshi/eclipse-workspace/Task-Manager/target)
2022-06-15 12:34:42,103 INFO [main] c.t.m.s.Application [SpringApplication.java:635] No active profile set, falling back to default profiles: default
2022-06-15 12:34:42,541 INFO [main] o.s.b.w.e.t.TomcatWebServer [TomcatWebServer.java:108] Tomcat initialized with port(s): 8080 (http)
2022-06-15 12:34:42,547 INFO [main] o.a.c.h.Http11NioProtocol [DirectJDKLog.java:173] Initializing ProtocolHandler ["http-nio-8080"]
2022-06-15 12:34:42,547 INFO [main] o.a.c.c.StandardService [DirectJDKLog.java:173] Starting service [Tomcat]
2022-06-15 12:34:42,547 INFO [main] o.a.c.c.StandardEngine [DirectJDKLog.java:173] Starting Servlet engine: [Apache Tomcat/9.0.55]
2022-06-15 12:34:42,573 INFO [main] o.a.c.c.C.[.[.[/] [DirectJDKLog.java:173] Initializing Spring embedded WebApplicationContext
2022-06-15 12:34:42,573 INFO [main] o.s.b.w.s.c.ServletWebServerApplicationContext [ServletWebServerApplicationContext.java:290] Root WebApplicationContext: initialization completed in 445 ms
2022-06-15 12:34:42,740 INFO [main] o.a.c.h.Http11NioProtocol [DirectJDKLog.java:173] Starting ProtocolHandler ["http-nio-8080"]
2022-06-15 12:34:42,752 INFO [main] o.s.b.w.e.t.TomcatWebServer [TomcatWebServer.java:220] Tomcat started on port(s): 8080 (http) with context path ''
2022-06-15 12:34:42,758 INFO [main] c.t.m.s.Application [StartupInfoLogger.java:61] Started Application in 0.889 seconds (JVM running for 1.183)
2022-06-15 12:34:47,378 INFO [http-nio-8080-exec-1] o.a.c.c.C.[.[.[/] [DirectJDKLog.java:173] Initializing Spring DispatcherServlet 'dispatcherServlet'
2022-06-15 12:34:47,379 INFO [http-nio-8080-exec-1] o.s.w.s.DispatcherServlet [FrameworkServlet.java:525] Initializing Servlet 'dispatcherServlet'
2022-06-15 12:34:47,380 INFO [http-nio-8080-exec-1] o.s.w.s.DispatcherServlet [FrameworkServlet.java:547] Completed initialization in 1 ms
2022-06-15 12:35:15,863 INFO [main] c.t.m.s.Application [StartupInfoLogger.java:55] Starting Application v0.0.1-SNAPSHOT using Java 11.0.12 on MDM-YR71CVF2R1 with PID 38802 (/Users/Gaurav.Joshi/eclipse-workspace/Task-Manager/target/Task-Manager-0.0.1-SNAPSHOT.jar started by Gaurav.Joshi in /Users/Gaurav.Joshi/eclipse-workspace/Task-Manager/target)
2022-06-15 12:35:15,865 INFO [main] c.t.m.s.Application [SpringApplication.java:635] No active profile set, falling back to default profiles: default
2022-06-15 12:35:16,283 INFO [main] o.s.b.w.e.t.TomcatWebServer [TomcatWebServer.java:108] Tomcat initialized with port(s): 8080 (http)
2022-06-15 12:35:16,288 INFO [main] o.a.c.h.Http11NioProtocol [DirectJDKLog.java:173] Initializing ProtocolHandler ["http-nio-8080"]
2022-06-15 12:35:16,289 INFO [main] o.a.c.c.StandardService [DirectJDKLog.java:173] Starting service [Tomcat]
2022-06-15 12:35:16,289 INFO [main] o.a.c.c.StandardEngine [DirectJDKLog.java:173] Starting Servlet engine: [Apache Tomcat/9.0.55]
2022-06-15 12:35:16,312 INFO [main] o.a.c.c.C.[.[.[/] [DirectJDKLog.java:173] Initializing Spring embedded WebApplicationContext
2022-06-15 12:35:16,313 INFO [main] o.s.b.w.s.c.ServletWebServerApplicationContext [ServletWebServerApplicationContext.java:290] Root WebApplicationContext: initialization completed in 426 ms
2022-06-15 12:35:16,471 INFO [main] o.a.c.h.Http11NioProtocol [DirectJDKLog.java:173] Starting ProtocolHandler ["http-nio-8080"]
2022-06-15 12:35:16,483 INFO [main] o.s.b.w.e.t.TomcatWebServer [TomcatWebServer.java:220] Tomcat started on port(s): 8080 (http) with context path ''
2022-06-15 12:35:16,488 INFO [main] c.t.m.s.Application [StartupInfoLogger.java:61] Started Application in 0.846 seconds (JVM running for 1.131)
2022-06-15 12:35:18,808 INFO [http-nio-8080-exec-1] o.a.c.c.C.[.[.[/] [DirectJDKLog.java:173] Initializing Spring DispatcherServlet 'dispatcherServlet'
2022-06-15 12:35:18,809 INFO [http-nio-8080-exec-1] o.s.w.s.DispatcherServlet [FrameworkServlet.java:525] Initializing Servlet 'dispatcherServlet'
2022-06-15 12:35:18,809 INFO [http-nio-8080-exec-1] o.s.w.s.DispatcherServlet [FrameworkServlet.java:547] Completed initialization in 0 ms
